app/build/outputs/logs/manifest-merger-debug-report.txt
-- Merging decision tree log ---
manifest
ADDED from src\main\AndroidManifest.xml:2:1-134:12
INJECTED from src\main\AndroidManifest.xml:2:1-134:12
INJECTED from src\main\AndroidManifest.xml:2:1-134:12
INJECTED from src\main\AndroidManifest.xml:2:1-134:12
MERGED from [com.google.firebase:firebase-core:11.0.1] AndroidManifest.xml:2:1-6:12
MERGED from [com.android.support:multidex:1.0.2] AndroidManifest.xml:17:1-22:12
MERGED from [com.firebaseui:firebase-ui:0.4.3] AndroidManifest.xml:2:1-13:12
MERGED from [com.firebaseui:firebase-ui-auth:0.4.3] AndroidManifest.xml:2:1-71:12
MERGED from [com.android.support:design:28.0.0] AndroidManifest.xml:17:1-24:12
MERGED from [com.github.florent37:materialtextfield:1.0.7] AndroidManifest.xml:2:1-12:12
MERGED from [cc.cloudist.acplibrary:library:1.2.1] AndroidManifest.xml:2:1-12:12
MERGED from [com.firebaseui:firebase-ui-database:0.4.3] AndroidManifest.xml:2:1-13:12
MERGED from [cn.pedant.sweetalert:library:1.3] AndroidManifest.xml:2:1-13:12
MERGED from [com.pnikosis:materialish-progress:1.0] AndroidManifest.xml:2:1-17:12
MERGED from [com.android.support:appcompat-v7:28.0.0] AndroidManifest.xml:17:1-22:12
MERGED from [com.google.android.gms:play-services-maps:11.0.1] AndroidManifest.xml:16:1-25:12
MERGED from [com.google.android.gms:play-services-location:11.0.1] AndroidManifest.xml:2:1-5:12
MERGED from [com.android.support.constraint:constraint-layout:1.0.2] AndroidManifest.xml:2:1-11:12
MERGED from [com.google.firebase:firebase-database:11.0.1] AndroidManifest.xml:2:1-4:12
MERGED from [com.google.firebase:firebase-storage:11.0.1] AndroidManifest.xml:2:1-4:12
MERGED from [com.google.firebase:firebase-auth:11.0.1] AndroidManifest.xml:16:1-21:12
MERGED from [com.google.android.gms:play-services-auth:11.0.1] AndroidManifest.xml:16:1-26:12
MERGED from [com.google.firebase:firebase-messaging:11.0.1] AndroidManifest.xml:16:1-30:12
MERGED from [com.jakewharton:butterknife:8.7.0] AndroidManifest.xml:2:1-7:12
MERGED from [com.facebook.android:facebook-android-sdk:4.11.0] AndroidManifest.xml:21:1-30:12
MERGED from [com.android.support:cardview-v7:28.0.0] AndroidManifest.xml:17:1-22:12
MERGED from [com.android.support:recyclerview-v7:28.0.0] AndroidManifest.xml:17:1-22:12
MERGED from [com.google.firebase:firebase-analytics:11.0.1] AndroidManifest.xml:16:1-35:12
MERGED from [com.google.android.gms:play-services-auth-base:11.0.1] AndroidManifest.xml:2:1-5:12
MERGED from [com.google.android.gms:play-services-base:11.0.1] AndroidManifest.xml:16:1-21:12
MERGED from [com.google.firebase:firebase-database-connection:11.0.1] AndroidManifest.xml:2:1-4:12
MERGED from [com.google.firebase:firebase-analytics-impl:11.0.1] AndroidManifest.xml:16:1-29:12
MERGED from [com.google.firebase:firebase-iid:11.0.1] AndroidManifest.xml:16:1-50:12
MERGED from [com.google.firebase:firebase-common:11.0.1] AndroidManifest.xml:2:1-8:12
MERGED from [com.google.android.gms:play-services-tasks:11.0.1] AndroidManifest.xml:2:1-5:12
MERGED from [com.google.firebase:firebase-storage-common:11.0.1] AndroidManifest.xml:2:1-4:12
MERGED from [com.google.android.gms:play-services-basement:11.0.1] AndroidManifest.xml:16:1-23:12
MERGED from [com.android.support:customtabs:23.2.1] AndroidManifest.xml:17:1-24:12
MERGED from [com.android.support:support-v4:28.0.0] AndroidManifest.xml:17:1-22:12
MERGED from [com.android.support:support-fragment:28.0.0] AndroidManifest.xml:17:1-22:12
MERGED from [com.android.support:animated-vector-drawable:28.0.0] AndroidManifest.xml:17:1-22:12
MERGED from [com.android.support:support-core-ui:28.0.0] AndroidManifest.xml:17:1-22:12
MERGED from [com.android.support:support-core-utils:28.0.0] AndroidManifest.xml:17:1-22:12
MERGED from [com.android.support:support-vector-drawable:28.0.0] AndroidManifest.xml:17:1-22:12
MERGED from [com.android.support:transition:28.0.0] AndroidManifest.xml:17:1-22:12
MERGED from [com.android.support:support-media-compat:28.0.0] AndroidManifest.xml:17:1-22:12
MERGED from [com.android.support:loader:28.0.0] AndroidManifest.xml:17:1-22:12
MERGED from [com.android.support:viewpager:28.0.0] AndroidManifest.xml:17:1-22:12
MERGED from [com.android.support:coordinatorlayout:28.0.0] AndroidManifest.xml:17:1-22:12
MERGED from [com.android.support:drawerlayout:28.0.0] AndroidManifest.xml:17:1-22:12
MERGED from [com.android.support:slidingpanelayout:28.0.0] AndroidManifest.xml:17:1-22:12
MERGED from [com.android.support:customview:28.0.0] AndroidManifest.xml:17:1-22:12
MERGED from [com.android.support:swiperefreshlayout:28.0.0] AndroidManifest.xml:17:1-22:12
MERGED from [com.android.support:asynclayoutinflater:28.0.0] AndroidManifest.xml:17:1-22:12
MERGED from [com.android.support:support-compat:28.0.0] AndroidManifest.xml:17:1-24:12
MERGED from [com.android.support:versionedparcelable:28.0.0] AndroidManifest.xml:17:1-25:12
MERGED from [com.android.support:cursoradapter:28.0.0] AndroidManifest.xml:17:1-22:12
MERGED from [android.arch.lifecycle:runtime:1.1.1] AndroidManifest.xml:17:1-22:12
MERGED from [com.android.support:documentfile:28.0.0] AndroidManifest.xml:17:1-22:12
MERGED from [com.android.support:localbroadcastmanager:28.0.0] AndroidManifest.xml:17:1-22:12
MERGED from [com.android.support:print:28.0.0] AndroidManifest.xml:17:1-22:12
MERGED from [android.arch.lifecycle:viewmodel:1.1.1] AndroidManifest.xml:17:1-22:12
MERGED from [com.android.support:interpolator:28.0.0] AndroidManifest.xml:17:1-22:12
MERGED from [android.arch.lifecycle:livedata:1.1.1] AndroidManifest.xml:17:1-22:12
MERGED from [android.arch.lifecycle:livedata-core:1.1.1] AndroidManifest.xml:17:1-22:12
MERGED from [android.arch.core:runtime:1.1.1] AndroidManifest.xml:17:1-22:12
INJECTED from src\main\AndroidManifest.xml:2:1-134:12
INJECTED from src\main\AndroidManifest.xml:2:1-134:12
INJECTED from src\main\AndroidManifest.xml:2:1-134:12
	package
		ADDED from src\main\AndroidManifest.xml:4:5-42
		INJECTED from src\main\AndroidManifest.xml
		INJECTED from src\main\AndroidManifest.xml
	android:versionName
		INJECTED from src\main\AndroidManifest.xml
		ADDED from src\main\AndroidManifest.xml:2:1-134:12
		INJECTED from src\main\AndroidManifest.xml
	xmlns:tools
		ADDED from src\main\AndroidManifest.xml:3:5-51
	android:versionCode
		INJECTED from src\main\AndroidManifest.xml
		ADDED from src\main\AndroidManifest.xml:2:1-134:12
		INJECTED from src\main\AndroidManifest.xml
	xmlns:android
		ADDED from src\main\AndroidManifest.xml:2:11-69
uses-permission#android.permission.ACCESS_FINE_LOCATION
ADDED from src\main\AndroidManifest.xml:11:5-79
	android:name
		ADDED from src\main\AndroidManifest.xml:11:22-76
uses-permission#android.permission.CALL_PHONE
ADDED from src\main\AndroidManifest.xml:12:5-69
	android:name
		ADDED from src\main\AndroidManifest.xml:12:22-66
uses-permission#android.permission.INTERNET
ADDED from src\main\AndroidManifest.xml:13:5-67
MERGED from [com.firebaseui:firebase-ui:0.4.3] AndroidManifest.xml:11:5-67
MERGED from [com.firebaseui:firebase-ui:0.4.3] AndroidManifest.xml:11:5-67
MERGED from [com.firebaseui:firebase-ui-database:0.4.3] AndroidManifest.xml:11:5-67
MERGED from [com.firebaseui:firebase-ui-database:0.4.3] AndroidManifest.xml:11:5-67
MERGED from [com.google.android.gms:play-services-maps:11.0.1] AndroidManifest.xml:20:5-66
MERGED from [com.google.android.gms:play-services-maps:11.0.1] AndroidManifest.xml:20:5-66
MERGED from [com.google.firebase:firebase-analytics:11.0.1] AndroidManifest.xml:20:5-66
MERGED from [com.google.firebase:firebase-analytics:11.0.1] AndroidManifest.xml:20:5-66
MERGED from [com.google.firebase:firebase-analytics-impl:11.0.1] AndroidManifest.xml:20:5-66
MERGED from [com.google.firebase:firebase-analytics-impl:11.0.1] AndroidManifest.xml:20:5-66
MERGED from [com.google.firebase:firebase-iid:11.0.1] AndroidManifest.xml:20:5-66
MERGED from [com.google.firebase:firebase-iid:11.0.1] AndroidManifest.xml:20:5-66
	android:name
		ADDED from src\main\AndroidManifest.xml:13:22-64
uses-permission#android.permission.WRITE_EXTERNAL_STORAGE
ADDED from src\main\AndroidManifest.xml:14:5-81
	android:name
		ADDED from src\main\AndroidManifest.xml:14:22-78
uses-permission#android.permission.CAMERA
ADDED from src\main\AndroidManifest.xml:15:5-65
	android:name
		ADDED from src\main\AndroidManifest.xml:15:22-62
uses-permission#android.permission.GET_ACCOUNTS
ADDED from src\main\AndroidManifest.xml:16:5-71
	android:name
		ADDED from src\main\AndroidManifest.xml:16:22-68
uses-permission#android.permission.READ_PROFILE
ADDED from src\main\AndroidManifest.xml:17:5-71
	android:name
		ADDED from src\main\AndroidManifest.xml:17:22-68
uses-permission#android.permission.READ_CONTACTS
ADDED from src\main\AndroidManifest.xml:18:5-72
	android:name
		ADDED from src\main\AndroidManifest.xml:18:22-69
uses-permission#android.permission.READ_PHONE_STATE
ADDED from src\main\AndroidManifest.xml:19:5-75
	android:name
		ADDED from src\main\AndroidManifest.xml:19:22-72
uses-permission#android.permission.READ_EXTERNAL_STORAGE
ADDED from src\main\AndroidManifest.xml:20:5-80
	android:name
		ADDED from src\main\AndroidManifest.xml:20:22-77
uses-permission#android.permission.ACCESS_NETWORK_STATE
ADDED from src\main\AndroidManifest.xml:21:5-79
MERGED from [com.google.android.gms:play-services-maps:11.0.1] AndroidManifest.xml:19:5-78
MERGED from [com.google.android.gms:play-services-maps:11.0.1] AndroidManifest.xml:19:5-78
MERGED from [com.google.firebase:firebase-analytics:11.0.1] AndroidManifest.xml:21:5-78
MERGED from [com.google.firebase:firebase-analytics:11.0.1] AndroidManifest.xml:21:5-78
MERGED from [com.google.firebase:firebase-analytics-impl:11.0.1] AndroidManifest.xml:21:5-78
MERGED from [com.google.firebase:firebase-analytics-impl:11.0.1] AndroidManifest.xml:21:5-78
MERGED from [com.google.firebase:firebase-iid:11.0.1] AndroidManifest.xml:19:5-78
MERGED from [com.google.firebase:firebase-iid:11.0.1] AndroidManifest.xml:19:5-78
	android:name
		ADDED from src\main\AndroidManifest.xml:21:22-76
uses-permission#android.permission.SEND_SMS
ADDED from src\main\AndroidManifest.xml:22:5-67
	android:name
		ADDED from src\main\AndroidManifest.xml:22:22-64
uses-permission#android.permission.RECEIVE_SMS
ADDED from src\main\AndroidManifest.xml:23:5-70
	android:name
		ADDED from src\main\AndroidManifest.xml:23:22-67
uses-permission#com.google.android.providers.gsf.permission.READ_GSERVICES
ADDED from src\main\AndroidManifest.xml:24:5-98
	android:name
		ADDED from src\main\AndroidManifest.xml:24:22-95
application
ADDED from src\main\AndroidManifest.xml:27:5-132:19
MERGED from [com.google.firebase:firebase-core:11.0.1] AndroidManifest.xml:5:5-20
MERGED from [com.google.firebase:firebase-core:11.0.1] AndroidManifest.xml:5:5-20
MERGED from [com.firebaseui:firebase-ui-auth:0.4.3] AndroidManifest.xml:11:5-69:19
MERGED from [com.firebaseui:firebase-ui-auth:0.4.3] AndroidManifest.xml:11:5-69:19
MERGED from [com.android.support:design:28.0.0] AndroidManifest.xml:22:5-20
MERGED from [com.android.support:design:28.0.0] AndroidManifest.xml:22:5-20
MERGED from [cn.pedant.sweetalert:library:1.3] AndroidManifest.xml:11:5-20
MERGED from [cn.pedant.sweetalert:library:1.3] AndroidManifest.xml:11:5-20
MERGED from [com.pnikosis:materialish-progress:1.0] AndroidManifest.xml:11:5-15:19
MERGED from [com.pnikosis:materialish-progress:1.0] AndroidManifest.xml:11:5-15:19
MERGED from [com.google.android.gms:play-services-maps:11.0.1] AndroidManifest.xml:24:5-19
MERGED from [com.google.android.gms:play-services-maps:11.0.1] AndroidManifest.xml:24:5-19
MERGED from [com.google.android.gms:play-services-location:11.0.1] AndroidManifest.xml:4:5-19
MERGED from [com.google.android.gms:play-services-location:11.0.1] AndroidManifest.xml:4:5-19
MERGED from [com.android.support.constraint:constraint-layout:1.0.2] AndroidManifest.xml:9:5-20
MERGED from [com.android.support.constraint:constraint-layout:1.0.2] AndroidManifest.xml:9:5-20
MERGED from [com.google.firebase:firebase-auth:11.0.1] AndroidManifest.xml:19:5-20:19
MERGED from [com.google.firebase:firebase-auth:11.0.1] AndroidManifest.xml:19:5-20:19
MERGED from [com.google.android.gms:play-services-auth:11.0.1] AndroidManifest.xml:19:5-25:19
MERGED from [com.google.android.gms:play-services-auth:11.0.1] AndroidManifest.xml:19:5-25:19
MERGED from [com.google.firebase:firebase-messaging:11.0.1] AndroidManifest.xml:19:5-29:19
MERGED from [com.google.firebase:firebase-messaging:11.0.1] AndroidManifest.xml:19:5-29:19
MERGED from [com.facebook.android:facebook-android-sdk:4.11.0] AndroidManifest.xml:28:5-20
MERGED from [com.facebook.android:facebook-android-sdk:4.11.0] AndroidManifest.xml:28:5-20
MERGED from [com.google.firebase:firebase-analytics:11.0.1] AndroidManifest.xml:24:5-34:19
MERGED from [com.google.firebase:firebase-analytics:11.0.1] AndroidManifest.xml:24:5-34:19
MERGED from [com.google.android.gms:play-services-base:11.0.1] AndroidManifest.xml:18:5-20:19
MERGED from [com.google.android.gms:play-services-base:11.0.1] AndroidManifest.xml:18:5-20:19
MERGED from [com.google.firebase:firebase-analytics-impl:11.0.1] AndroidManifest.xml:24:5-28:19
MERGED from [com.google.firebase:firebase-analytics-impl:11.0.1] AndroidManifest.xml:24:5-28:19
MERGED from [com.google.firebase:firebase-iid:11.0.1] AndroidManifest.xml:28:5-49:19
MERGED from [com.google.firebase:firebase-iid:11.0.1] AndroidManifest.xml:28:5-49:19
MERGED from [com.google.firebase:firebase-common:11.0.1] AndroidManifest.xml:4:5-7:19
MERGED from [com.google.firebase:firebase-common:11.0.1] AndroidManifest.xml:4:5-7:19
MERGED from [com.google.android.gms:play-services-tasks:11.0.1] AndroidManifest.xml:4:5-19
MERGED from [com.google.android.gms:play-services-tasks:11.0.1] AndroidManifest.xml:4:5-19
MERGED from [com.google.android.gms:play-services-basement:11.0.1] AndroidManifest.xml:19:5-21:19
MERGED from [com.google.android.gms:play-services-basement:11.0.1] AndroidManifest.xml:19:5-21:19
MERGED from [com.android.support:customtabs:23.2.1] AndroidManifest.xml:22:5-20
MERGED from [com.android.support:customtabs:23.2.1] AndroidManifest.xml:22:5-20
MERGED from [com.android.support:support-compat:28.0.0] AndroidManifest.xml:22:5-94
MERGED from [com.android.support:support-compat:28.0.0] AndroidManifest.xml:22:5-94
MERGED from [com.android.support:versionedparcelable:28.0.0] AndroidManifest.xml:22:5-23:19
MERGED from [com.android.support:versionedparcelable:28.0.0] AndroidManifest.xml:22:5-23:19
	android:appComponentFactory
		ADDED from [com.android.support:support-compat:28.0.0] AndroidManifest.xml:22:18-91
	android:supportsRtl
		ADDED from src\main\AndroidManifest.xml:32:9-35
	android:label
		ADDED from src\main\AndroidManifest.xml:31:9-41
	android:icon
		ADDED from src\main\AndroidManifest.xml:30:9-43
		REJECTED from [com.pnikosis:materialish-progress:1.0] AndroidManifest.xml:13:9-45
	android:allowBackup
		ADDED from src\main\AndroidManifest.xml:29:9-35
	android:theme
		ADDED from src\main\AndroidManifest.xml:33:9-40
	tools:replace
		ADDED from src\main\AndroidManifest.xml:34:9-37
	android:name
		ADDED from src\main\AndroidManifest.xml:28:9-29
meta-data#com.google.android.geo.API_KEY
ADDED from src\main\AndroidManifest.xml:44:9-46:55
	android:value
		ADDED from src\main\AndroidManifest.xml:46:13-52
	android:name
		ADDED from src\main\AndroidManifest.xml:45:13-58
activity#com.fgiet.incidentreporting.MapsActivity
ADDED from src\main\AndroidManifest.xml:48:9-53:20
	android:screenOrientation
		ADDED from src\main\AndroidManifest.xml:51:13-49
	android:label
		ADDED from src\main\AndroidManifest.xml:50:13-56
	android:windowSoftInputMode
		ADDED from src\main\AndroidManifest.xml:52:13-54
	android:name
		ADDED from src\main\AndroidManifest.xml:49:13-41
activity#com.fgiet.incidentreporting.MainActivity
ADDED from src\main\AndroidManifest.xml:54:9-59:20
	android:screenOrientation
		ADDED from src\main\AndroidManifest.xml:56:13-49
	android:windowSoftInputMode
		ADDED from src\main\AndroidManifest.xml:58:13-54
	android:theme
		ADDED from src\main\AndroidManifest.xml:57:13-56
	android:name
		ADDED from src\main\AndroidManifest.xml:55:13-41
activity#com.fgiet.incidentreporting.Users.SignUp
ADDED from src\main\AndroidManifest.xml:60:9-65:20
	android:screenOrientation
		ADDED from src\main\AndroidManifest.xml:62:13-49
	android:windowSoftInputMode
		ADDED from src\main\AndroidManifest.xml:64:13-54
	android:theme
		ADDED from src\main\AndroidManifest.xml:63:13-56
	android:name
		ADDED from src\main\AndroidManifest.xml:61:13-41
activity#com.fgiet.incidentreporting.Users.Home
ADDED from src\main\AndroidManifest.xml:66:9-72:20
	android:screenOrientation
		ADDED from src\main\AndroidManifest.xml:69:13-49
	android:label
		ADDED from src\main\AndroidManifest.xml:68:13-56
	android:windowSoftInputMode
		ADDED from src\main\AndroidManifest.xml:71:13-54
	android:theme
		ADDED from src\main\AndroidManifest.xml:70:13-56
	android:name
		ADDED from src\main\AndroidManifest.xml:67:13-39
activity#com.fgiet.incidentreporting.Employees.EmpSignUp
ADDED from src\main\AndroidManifest.xml:75:9-80:20
	android:screenOrientation
		ADDED from src\main\AndroidManifest.xml:77:13-49
	android:windowSoftInputMode
		ADDED from src\main\AndroidManifest.xml:79:13-54
	android:theme
		ADDED from src\main\AndroidManifest.xml:78:13-56
	android:name
		ADDED from src\main\AndroidManifest.xml:76:13-48
activity#com.fgiet.incidentreporting.Employees.EmpActivity
ADDED from src\main\AndroidManifest.xml:81:9-85:57
	android:label
		ADDED from src\main\AndroidManifest.xml:83:13-55
	android:windowSoftInputMode
		ADDED from src\main\AndroidManifest.xml:85:13-54
	android:theme
		ADDED from src\main\AndroidManifest.xml:84:13-56
	android:name
		ADDED from src\main\AndroidManifest.xml:82:13-50
activity#com.fgiet.incidentreporting.Workers.CheckWorkerRequest
ADDED from src\main\AndroidManifest.xml:86:9-89:59
	android:label
		ADDED from src\main\AndroidManifest.xml:88:13-55
	android:theme
		ADDED from src\main\AndroidManifest.xml:89:13-56
	android:name
		ADDED from src\main\AndroidManifest.xml:87:13-55
activity#com.fgiet.incidentreporting.Employees.RequestActivity
ADDED from src\main\AndroidManifest.xml:90:9-93:59
	android:label
		ADDED from src\main\AndroidManifest.xml:92:13-59
	android:theme
		ADDED from src\main\AndroidManifest.xml:93:13-56
	android:name
		ADDED from src\main\AndroidManifest.xml:91:13-54
activity#com.fgiet.incidentreporting.Workers.Workers
ADDED from src\main\AndroidManifest.xml:94:9-97:59
	android:label
		ADDED from src\main\AndroidManifest.xml:96:13-59
	android:theme
		ADDED from src\main\AndroidManifest.xml:97:13-56
	android:name
		ADDED from src\main\AndroidManifest.xml:95:13-44
activity#com.fgiet.incidentreporting.Rough1
ADDED from src\main\AndroidManifest.xml:98:9-44
	android:name
		ADDED from src\main\AndroidManifest.xml:98:19-41
activity#com.fgiet.incidentreporting.Workers.WorkerRequestActivity
ADDED from src\main\AndroidManifest.xml:99:9-101:59
	android:theme
		ADDED from src\main\AndroidManifest.xml:101:13-56
	android:name
		ADDED from src\main\AndroidManifest.xml:100:13-58
activity#com.fgiet.incidentreporting.Workers.FileATR
ADDED from src\main\AndroidManifest.xml:102:9-104:71
	android:parentActivityName
		ADDED from src\main\AndroidManifest.xml:104:13-69
	android:name
		ADDED from src\main\AndroidManifest.xml:103:13-44
activity#com.fgiet.incidentreporting.Employees.FiledATR
ADDED from src\main\AndroidManifest.xml:105:9-107:59
	android:theme
		ADDED from src\main\AndroidManifest.xml:107:13-56
	android:name
		ADDED from src\main\AndroidManifest.xml:106:13-47
activity#com.fgiet.incidentreporting.SplashActivity
ADDED from src\main\AndroidManifest.xml:108:9-115:20
	android:theme
		ADDED from src\main\AndroidManifest.xml:110:13-56
	android:name
		ADDED from src\main\AndroidManifest.xml:109:13-43
intent-filter#action:name:android.intent.action.MAIN+category:name:android.intent.category.LAUNCHER
ADDED from src\main\AndroidManifest.xml:111:13-114:29
action#android.intent.action.MAIN
ADDED from src\main\AndroidManifest.xml:112:17-69
	android:name
		ADDED from src\main\AndroidManifest.xml:112:25-66
category#android.intent.category.LAUNCHER
ADDED from src\main\AndroidManifest.xml:113:17-77
	android:name
		ADDED from src\main\AndroidManifest.xml:113:27-74
activity#com.fgiet.incidentreporting.Users.AboutUsActivity
ADDED from src\main\AndroidManifest.xml:116:9-118:58
	android:parentActivityName
		ADDED from src\main\AndroidManifest.xml:118:13-55
	android:name
		ADDED from src\main\AndroidManifest.xml:117:13-50
activity#com.fgiet.incidentreporting.ContactActivity
ADDED from src\main\AndroidManifest.xml:119:9-121:58
	android:parentActivityName
		ADDED from src\main\AndroidManifest.xml:121:13-55
	android:name
		ADDED from src\main\AndroidManifest.xml:120:13-44
activity#com.fgiet.incidentreporting.WelcomeActivity
ADDED from src\main\AndroidManifest.xml:122:9-124:59
	android:theme
		ADDED from src\main\AndroidManifest.xml:124:13-56
	android:name
		ADDED from src\main\AndroidManifest.xml:123:13-44
activity#com.fgiet.incidentreporting.Workers.WorkerPost
ADDED from src\main\AndroidManifest.xml:125:9-56
	android:name
		ADDED from src\main\AndroidManifest.xml:125:19-53
activity#com.fgiet.incidentreporting.Users.DonateFood
ADDED from src\main\AndroidManifest.xml:126:9-128:56
	android:parentActivityName
		ADDED from src\main\AndroidManifest.xml:128:13-53
	android:name
		ADDED from src\main\AndroidManifest.xml:127:13-45
activity#com.fgiet.incidentreporting.NoInternetActivity
ADDED from src\main\AndroidManifest.xml:129:9-131:59
	android:theme
		ADDED from src\main\AndroidManifest.xml:131:13-56
	android:name
		ADDED from src\main\AndroidManifest.xml:130:13-47
uses-sdk
INJECTED from src\main\AndroidManifest.xml reason: use-sdk injection requested
INJECTED from src\main\AndroidManifest.xml
INJECTED from src\main\AndroidManifest.xml
MERGED from [com.google.firebase:firebase-core:11.0.1] AndroidManifest.xml:4:5-43
MERGED from [com.google.firebase:firebase-core:11.0.1] AndroidManifest.xml:4:5-43
MERGED from [com.android.support:multidex:1.0.2] AndroidManifest.xml:20:5-43
MERGED from [com.android.support:multidex:1.0.2] AndroidManifest.xml:20:5-43
MERGED from [com.firebaseui:firebase-ui:0.4.3] AndroidManifest.xml:7:5-9:41
MERGED from [com.firebaseui:firebase-ui:0.4.3] AndroidManifest.xml:7:5-9:41
MERGED from [com.firebaseui:firebase-ui-auth:0.4.3] AndroidManifest.xml:7:5-9:41
MERGED from [com.firebaseui:firebase-ui-auth:0.4.3] AndroidManifest.xml:7:5-9:41
MERGED from [com.android.support:design:28.0.0] AndroidManifest.xml:20:5-44
MERGED from [com.android.support:design:28.0.0] AndroidManifest.xml:20:5-44
MERGED from [com.github.florent37:materialtextfield:1.0.7] AndroidManifest.xml:8:5-10:41
MERGED from [com.github.florent37:materialtextfield:1.0.7] AndroidManifest.xml:8:5-10:41
MERGED from [cc.cloudist.acplibrary:library:1.2.1] AndroidManifest.xml:8:5-10:41
MERGED from [cc.cloudist.acplibrary:library:1.2.1] AndroidManifest.xml:8:5-10:41
MERGED from [com.firebaseui:firebase-ui-database:0.4.3] AndroidManifest.xml:7:5-9:41
MERGED from [com.firebaseui:firebase-ui-database:0.4.3] AndroidManifest.xml:7:5-9:41
MERGED from [cn.pedant.sweetalert:library:1.3] AndroidManifest.xml:7:5-9:41
MERGED from [cn.pedant.sweetalert:library:1.3] AndroidManifest.xml:7:5-9:41
MERGED from [com.pnikosis:materialish-progress:1.0] AndroidManifest.xml:7:5-9:41
MERGED from [com.pnikosis:materialish-progress:1.0] AndroidManifest.xml:7:5-9:41
MERGED from [com.android.support:appcompat-v7:28.0.0] AndroidManifest.xml:20:5-44
MERGED from [com.android.support:appcompat-v7:28.0.0] AndroidManifest.xml:20:5-44
MERGED from [com.google.android.gms:play-services-maps:11.0.1] AndroidManifest.xml:23:5-43
MERGED from [com.google.android.gms:play-services-maps:11.0.1] AndroidManifest.xml:23:5-43
MERGED from [com.google.android.gms:play-services-location:11.0.1] AndroidManifest.xml:3:5-43
MERGED from [com.google.android.gms:play-services-location:11.0.1] AndroidManifest.xml:3:5-43
MERGED from [com.android.support.constraint:constraint-layout:1.0.2] AndroidManifest.xml:5:5-7:41
MERGED from [com.android.support.constraint:constraint-layout:1.0.2] AndroidManifest.xml:5:5-7:41
MERGED from [com.google.firebase:firebase-database:11.0.1] AndroidManifest.xml:3:5-43
MERGED from [com.google.firebase:firebase-database:11.0.1] AndroidManifest.xml:3:5-43
MERGED from [com.google.firebase:firebase-storage:11.0.1] AndroidManifest.xml:3:5-43
MERGED from [com.google.firebase:firebase-storage:11.0.1] AndroidManifest.xml:3:5-43
MERGED from [com.google.firebase:firebase-auth:11.0.1] AndroidManifest.xml:17:5-43
MERGED from [com.google.firebase:firebase-auth:11.0.1] AndroidManifest.xml:17:5-43
MERGED from [com.google.android.gms:play-services-auth:11.0.1] AndroidManifest.xml:17:5-43
MERGED from [com.google.android.gms:play-services-auth:11.0.1] AndroidManifest.xml:17:5-43
MERGED from [com.google.firebase:firebase-messaging:11.0.1] AndroidManifest.xml:17:5-43
MERGED from [com.google.firebase:firebase-messaging:11.0.1] AndroidManifest.xml:17:5-43
MERGED from [com.jakewharton:butterknife:8.7.0] AndroidManifest.xml:5:5-43
MERGED from [com.jakewharton:butterknife:8.7.0] AndroidManifest.xml:5:5-43
MERGED from [com.facebook.android:facebook-android-sdk:4.11.0] AndroidManifest.xml:24:5-26:41
MERGED from [com.facebook.android:facebook-android-sdk:4.11.0] AndroidManifest.xml:24:5-26:41
MERGED from [com.android.support:cardview-v7:28.0.0] AndroidManifest.xml:20:5-44
MERGED from [com.android.support:cardview-v7:28.0.0] AndroidManifest.xml:20:5-44
MERGED from [com.android.support:recyclerview-v7:28.0.0] AndroidManifest.xml:20:5-44
MERGED from [com.android.support:recyclerview-v7:28.0.0] AndroidManifest.xml:20:5-44
MERGED from [com.google.firebase:firebase-analytics:11.0.1] AndroidManifest.xml:17:5-43
MERGED from [com.google.firebase:firebase-analytics:11.0.1] AndroidManifest.xml:17:5-43
MERGED from [com.google.android.gms:play-services-auth-base:11.0.1] AndroidManifest.xml:4:5-43
MERGED from [com.google.android.gms:play-services-auth-base:11.0.1] AndroidManifest.xml:4:5-43
MERGED from [com.google.android.gms:play-services-base:11.0.1] AndroidManifest.xml:17:5-43
MERGED from [com.google.android.gms:play-services-base:11.0.1] AndroidManifest.xml:17:5-43
MERGED from [com.google.firebase:firebase-database-connection:11.0.1] AndroidManifest.xml:3:5-43
MERGED from [com.google.firebase:firebase-database-connection:11.0.1] AndroidManifest.xml:3:5-43
MERGED from [com.google.firebase:firebase-analytics-impl:11.0.1] AndroidManifest.xml:17:5-43
MERGED from [com.google.firebase:firebase-analytics-impl:11.0.1] AndroidManifest.xml:17:5-43
MERGED from [com.google.firebase:firebase-iid:11.0.1] AndroidManifest.xml:17:5-43
MERGED from [com.google.firebase:firebase-iid:11.0.1] AndroidManifest.xml:17:5-43
MERGED from [com.google.firebase:firebase-common:11.0.1] AndroidManifest.xml:3:5-43
MERGED from [com.google.firebase:firebase-common:11.0.1] AndroidManifest.xml:3:5-43
MERGED from [com.google.android.gms:play-services-tasks:11.0.1] AndroidManifest.xml:3:5-43
MERGED from [com.google.android.gms:play-services-tasks:11.0.1] AndroidManifest.xml:3:5-43
MERGED from [com.google.firebase:firebase-storage-common:11.0.1] AndroidManifest.xml:3:5-43
MERGED from [com.google.firebase:firebase-storage-common:11.0.1] AndroidManifest.xml:3:5-43
MERGED from [com.google.android.gms:play-services-basement:11.0.1] AndroidManifest.xml:17:5-43
MERGED from [com.google.android.gms:play-services-basement:11.0.1] AndroidManifest.xml:17:5-43
MERGED from [com.android.support:customtabs:23.2.1] AndroidManifest.xml:20:5-44
MERGED from [com.android.support:customtabs:23.2.1] AndroidManifest.xml:20:5-44
MERGED from [com.android.support:support-v4:28.0.0] AndroidManifest.xml:20:5-44
MERGED from [com.android.support:support-v4:28.0.0] AndroidManifest.xml:20:5-44
MERGED from [com.android.support:support-fragment:28.0.0] AndroidManifest.xml:20:5-44
MERGED from [com.android.support:support-fragment:28.0.0] AndroidManifest.xml:20:5-44
MERGED from [com.android.support:animated-vector-drawable:28.0.0] AndroidManifest.xml:20:5-44
MERGED from [com.android.support:animated-vector-drawable:28.0.0] AndroidManifest.xml:20:5-44
MERGED from [com.android.support:support-core-ui:28.0.0] AndroidManifest.xml:20:5-44
MERGED from [com.android.support:support-core-ui:28.0.0] AndroidManifest.xml:20:5-44
MERGED from [com.android.support:support-core-utils:28.0.0] AndroidManifest.xml:20:5-44
MERGED from [com.android.support:support-core-utils:28.0.0] AndroidManifest.xml:20:5-44
MERGED from [com.android.support:support-vector-drawable:28.0.0] AndroidManifest.xml:20:5-44
MERGED from [com.android.support:support-vector-drawable:28.0.0] AndroidManifest.xml:20:5-44
MERGED from [com.android.support:transition:28.0.0] AndroidManifest.xml:20:5-44
MERGED from [com.android.support:transition:28.0.0] AndroidManifest.xml:20:5-44
MERGED from [com.android.support:support-media-compat:28.0.0] AndroidManifest.xml:20:5-44
MERGED from [com.android.support:support-media-compat:28.0.0] AndroidManifest.xml:20:5-44
MERGED from [com.android.support:loader:28.0.0] AndroidManifest.xml:20:5-44
MERGED from [com.android.support:loader:28.0.0] AndroidManifest.xml:20:5-44
MERGED from [com.android.support:viewpager:28.0.0] AndroidManifest.xml:20:5-44
MERGED from [com.android.support:viewpager:28.0.0] AndroidManifest.xml:20:5-44
MERGED from [com.android.support:coordinatorlayout:28.0.0] AndroidManifest.xml:20:5-44
MERGED from [com.android.support:coordinatorlayout:28.0.0] AndroidManifest.xml:20:5-44
MERGED from [com.android.support:drawerlayout:28.0.0] AndroidManifest.xml:20:5-44
MERGED from [com.android.support:drawerlayout:28.0.0] AndroidManifest.xml:20:5-44
MERGED from [com.android.support:slidingpanelayout:28.0.0] AndroidManifest.xml:20:5-44
MERGED from [com.android.support:slidingpanelayout:28.0.0] AndroidManifest.xml:20:5-44
MERGED from [com.android.support:customview:28.0.0] AndroidManifest.xml:20:5-44